<?xml version="1.0" encoding="UTF-8" standalone="yes"?><!DOCTYPE report PUBLIC "-//JACOCO//DTD Report 1.0//EN" "report.dtd"><report name="JaCoCo"><sessioninfo id="DESKTOP-CN717RP-b28538d2" start="1574403019990" dump="1574403020205"/><sessioninfo id="DESKTOP-CN717RP-b4cc9106" start="1574403669233" dump="1574403669455"/><sessioninfo id="DESKTOP-CN717RP-ce5990d1" start="1574403869881" dump="1574403870088"/><sessioninfo id="DESKTOP-CN717RP-734bade8" start="1574403949206" dump="1574403949416"/><sessioninfo id="DESKTOP-CN717RP-236a5b45" start="1574403969207" dump="1574403969420"/><sessioninfo id="DESKTOP-CN717RP-5b1bbf39" start="1574404085666" dump="1574404085874"/><sessioninfo id="DESKTOP-CN717RP-9fc60c56" start="1574404107318" dump="1574404107528"/><sessioninfo id="DESKTOP-CN717RP-a1e75694" start="1574404160756" dump="1574404160966"/><sessioninfo id="DESKTOP-CN717RP-3bf983b" start="1574404380161" dump="1574404380368"/><sessioninfo id="DESKTOP-CN717RP-547e5075" start="1574404578416" dump="1574404578620"/><sessioninfo id="DESKTOP-CN717RP-28b4832a" start="1574404662539" dump="1574404662737"/><sessioninfo id="DESKTOP-CN717RP-862c1127" start="1574404726755" dump="1574404726963"/><sessioninfo id="DESKTOP-CN717RP-ca193d6" start="1574404783789" dump="1574404783994"/><sessioninfo id="DESKTOP-CN717RP-d1c74735" start="1574406050415" dump="1574406050620"/><sessioninfo id="DESKTOP-CN717RP-bda23c25" start="1574406070732" dump="1574406070936"/><sessioninfo id="DESKTOP-CN717RP-882e5f79" start="1574406222197" dump="1574406222400"/><sessioninfo id="DESKTOP-CN717RP-7b621fc6" start="1574406242984" dump="1574406243189"/><sessioninfo id="DESKTOP-CN717RP-ee55e651" start="1574406268540" dump="1574406268758"/><sessioninfo id="DESKTOP-CN717RP-72c12c8" start="1574406301721" dump="1574406301932"/><sessioninfo id="DESKTOP-CN717RP-695b083e" start="1574406373942" dump="1574406374149"/><sessioninfo id="DESKTOP-CN717RP-fd6f64c" start="1574406438710" dump="1574406438920"/><sessioninfo id="DESKTOP-CN717RP-c17f706" start="1574406560338" dump="1574406560554"/><sessioninfo id="DESKTOP-CN717RP-47b426eb" start="1574406600388" dump="1574406600599"/><sessioninfo id="DESKTOP-CN717RP-474cc414" start="1574406892445" dump="1574406892659"/><sessioninfo id="DESKTOP-CN717RP-b4b16f8e" start="1574406945282" dump="1574406945494"/><sessioninfo id="DESKTOP-CN717RP-2baf0ef9" start="1574407002707" dump="1574407002918"/><sessioninfo id="DESKTOP-CN717RP-979b9134" start="1574407058433" dump="1574407058642"/><sessioninfo id="DESKTOP-CN717RP-e6cd5f3c" start="1574407095806" dump="1574407096018"/><sessioninfo id="DESKTOP-CN717RP-1ad59b19" start="1574407116541" dump="1574407116751"/><sessioninfo id="DESKTOP-CN717RP-8eca51e6" start="1574407294309" dump="1574407294519"/><sessioninfo id="DESKTOP-CN717RP-770aba21" start="1574407811452" dump="1574407811659"/><sessioninfo id="DESKTOP-CN717RP-8888296" start="1574407909967" dump="1574407910177"/><sessioninfo id="DESKTOP-CN717RP-d25f7f82" start="1574407920380" dump="1574407920588"/><sessioninfo id="DESKTOP-CN717RP-b38f9b1b" start="1574409014777" dump="1574409014988"/><sessioninfo id="DESKTOP-CN717RP-702f58e9" start="1574409229504" dump="1574409229718"/><sessioninfo id="DESKTOP-CN717RP-9964817b" start="1574409240580" dump="1574409240787"/><sessioninfo id="DESKTOP-CN717RP-9319d06b" start="1574410843414" dump="1574410843630"/><sessioninfo id="DESKTOP-CN717RP-eb518fa1" start="1574410974022" dump="1574410974233"/><sessioninfo id="DESKTOP-CN717RP-f3ac64ab" start="1574411273551" dump="1574411273759"/><sessioninfo id="DESKTOP-CN717RP-45e3ef41" start="1574411356676" dump="1574411356886"/><sessioninfo id="DESKTOP-CN717RP-c82b3edb" start="1574411427215" dump="1574411427428"/><sessioninfo id="DESKTOP-CN717RP-39691015" start="1574411475764" dump="1574411475974"/><sessioninfo id="DESKTOP-CN717RP-f6592f31" start="1574411621103" dump="1574411621320"/><sessioninfo id="DESKTOP-CN717RP-bd81523e" start="1574411689605" dump="1574411689818"/><package name="com/test/jacoco"><class name="com/test/jacoco/HelloWorld"><method name="&lt;init&gt;" desc="()V" line="7"><counter type="INSTRUCTION" missed="0" covered="3"/><counter type="LINE" missed="0" covered="2"/><counter type="COMPLEXITY" missed="0" covered="1"/><counter type="METHOD" missed="0" covered="1"/></method><method name="Method1" desc="()Ljava/lang/String;" line="12"><counter type="INSTRUCTION" missed="0" covered="2"/><counter type="LINE" missed="0" covered="1"/><counter type="COMPLEXITY" missed="0" covered="1"/><counter type="METHOD" missed="0" covered="1"/></method><method name="Method2" desc="(II)I" line="16"><counter type="INSTRUCTION" missed="0" covered="4"/><counter type="LINE" missed="0" covered="1"/><counter type="COMPLEXITY" missed="0" covered="1"/><counter type="METHOD" missed="0" covered="1"/></method><method name="Method3" desc="(III)I" line="20"><counter type="INSTRUCTION" missed="0" covered="26"/><counter type="BRANCH" missed="0" covered="10"/><counter type="LINE" missed="0" covered="6"/><counter type="COMPLEXITY" missed="0" covered="6"/><counter type="METHOD" missed="0" covered="1"/></method><method name="Method4" desc="(IIIIF)I" line="32"><counter type="INSTRUCTION" missed="0" covered="29"/><counter type="BRANCH" missed="0" covered="8"/><counter type="LINE" missed="0" covered="10"/><counter type="COMPLEXITY" missed="0" covered="5"/><counter type="METHOD" missed="0" covered="1"/></method><method name="bug" desc="(I)Z" line="49"><counter type="INSTRUCTION" missed="0" covered="7"/><counter type="BRANCH" missed="0" covered="2"/><counter type="LINE" missed="0" covered="2"/><counter type="COMPLEXITY" missed="0" covered="2"/><counter type="METHOD" missed="0" covered="1"/></method><method name="isTriangle" desc="(III)Z" line="59"><counter type="INSTRUCTION" missed="0" covered="19"/><counter type="BRANCH" missed="0" covered="6"/><counter type="LINE" missed="0" covered="3"/><counter type="COMPLEXITY" missed="0" covered="4"/><counter type="METHOD" missed="0" covered="1"/></method><method name="isBirthday" desc="(III)Z" line="71"><counter type="INSTRUCTION" missed="0" covered="193"/><counter type="BRANCH" missed="0" covered="36"/><counter type="LINE" missed="0" covered="21"/><counter type="COMPLEXITY" missed="0" covered="19"/><counter type="METHOD" missed="0" covered="1"/></method><method name="miniCalculator" desc="(DDC)Ljava/lang/Double;" line="129"><counter type="INSTRUCTION" missed="0" covered="30"/><counter type="BRANCH" missed="0" covered="5"/><counter type="LINE" missed="0" covered="12"/><counter type="COMPLEXITY" missed="0" covered="5"/><counter type="METHOD" missed="0" covered="1"/></method><counter type="INSTRUCTION" missed="0" covered="313"/><counter type="BRANCH" missed="0" covered="67"/><counter type="LINE" missed="0" covered="58"/><counter type="COMPLEXITY" missed="0" covered="44"/><counter type="METHOD" missed="0" covered="9"/><counter type="CLASS" missed="0" covered="1"/></class><sourcefile name="HelloWorld.java"><line nr="7" mi="0" ci="2" mb="0" cb="0"/><line nr="9" mi="0" ci="1" mb="0" cb="0"/><line nr="12" mi="0" ci="2" mb="0" cb="0"/><line nr="16" mi="0" ci="4" mb="0" cb="0"/><line nr="20" mi="0" ci="7" mb="0" cb="6"/><line nr="21" mi="0" ci="4" mb="0" cb="0"/><line nr="23" mi="0" ci="6" mb="0" cb="4"/><line nr="24" mi="0" ci="4" mb="0" cb="0"/><line nr="27" mi="0" ci="3" mb="0" cb="0"/><line nr="29" mi="0" ci="2" mb="0" cb="0"/><line nr="32" mi="0" ci="2" mb="0" cb="2"/><line nr="33" mi="0" ci="2" mb="0" cb="0"/><line nr="36" mi="0" ci="2" mb="0" cb="0"/><line nr="37" mi="0" ci="10" mb="0" cb="6"/><line nr="38" mi="0" ci="2" mb="0" cb="0"/><line nr="41" mi="0" ci="5" mb="0" cb="0"/><line nr="42" mi="0" ci="1" mb="0" cb="0"/><line nr="43" mi="0" ci="2" mb="0" cb="0"/><line nr="44" mi="0" ci="1" mb="0" cb="0"/><line nr="46" mi="0" ci="2" mb="0" cb="0"/><line nr="49" mi="0" ci="5" mb="0" cb="2"/><line nr="50" mi="0" ci="2" mb="0" cb="0"/><line nr="59" mi="0" ci="15" mb="0" cb="6"/><line nr="60" mi="0" ci="2" mb="0" cb="0"/><line nr="62" mi="0" ci="2" mb="0" cb="0"/><line nr="71" mi="0" ci="55" mb="0" cb="0"/><line nr="73" mi="0" ci="55" mb="0" cb="0"/><line nr="75" mi="0" ci="6" mb="0" cb="4"/><line nr="77" mi="0" ci="12" mb="0" cb="6"/><line nr="79" mi="0" ci="6" mb="0" cb="4"/><line nr="81" mi="0" ci="8" mb="0" cb="4"/><line nr="82" mi="0" ci="2" mb="0" cb="0"/><line nr="85" mi="0" ci="2" mb="0" cb="0"/><line nr="88" mi="0" ci="2" mb="0" cb="0"/><line nr="93" mi="0" ci="3" mb="0" cb="2"/><line nr="94" mi="0" ci="6" mb="0" cb="4"/><line nr="96" mi="0" ci="8" mb="0" cb="4"/><line nr="97" mi="0" ci="2" mb="0" cb="0"/><line nr="100" mi="0" ci="2" mb="0" cb="0"/><line nr="103" mi="0" ci="2" mb="0" cb="0"/><line nr="107" mi="0" ci="6" mb="0" cb="4"/><line nr="109" mi="0" ci="8" mb="0" cb="4"/><line nr="110" mi="0" ci="2" mb="0" cb="0"/><line nr="113" mi="0" ci="2" mb="0" cb="0"/><line nr="116" mi="0" ci="2" mb="0" cb="0"/><line nr="121" mi="0" ci="2" mb="0" cb="0"/><line nr="129" mi="0" ci="2" mb="0" cb="0"/><line nr="130" mi="0" ci="2" mb="0" cb="5"/><line nr="132" mi="0" ci="4" mb="0" cb="0"/><line nr="133" mi="0" ci="1" mb="0" cb="0"/><line nr="135" mi="0" ci="4" mb="0" cb="0"/><line nr="136" mi="0" ci="1" mb="0" cb="0"/><line nr="138" mi="0" ci="4" mb="0" cb="0"/><line nr="139" mi="0" ci="1" mb="0" cb="0"/><line nr="141" mi="0" ci="4" mb="0" cb="0"/><line nr="142" mi="0" ci="1" mb="0" cb="0"/><line nr="144" mi="0" ci="3" mb="0" cb="0"/><line nr="148" mi="0" ci="3" mb="0" cb="0"/><counter type="INSTRUCTION" missed="0" covered="313"/><counter type="BRANCH" missed="0" covered="67"/><counter type="LINE" missed="0" covered="58"/><counter type="COMPLEXITY" missed="0" covered="44"/><counter type="METHOD" missed="0" covered="9"/><counter type="CLASS" missed="0" covered="1"/></sourcefile><counter type="INSTRUCTION" missed="0" covered="313"/><counter type="BRANCH" missed="0" covered="67"/><counter type="LINE" missed="0" covered="58"/><counter type="COMPLEXITY" missed="0" covered="44"/><counter type="METHOD" missed="0" covered="9"/><counter type="CLASS" missed="0" covered="1"/></package><counter type="INSTRUCTION" missed="0" covered="313"/><counter type="BRANCH" missed="0" covered="67"/><counter type="LINE" missed="0" covered="58"/><counter type="COMPLEXITY" missed="0" covered="44"/><counter type="METHOD" missed="0" covered="9"/><counter type="CLASS" missed="0" covered="1"/></report>